# JRE version: Java(TM) SE Runtime Environment (8.0_251-b08) (build 1.8.0_251-b08)
# Java VM: Java HotSpot(TM) 64-Bit Server VM (25.251-b08 mixed mode windows-amd64 compressed oops)
Heap:
 PSYoungGen      total 1103360K, used 1021440K [0x0000000718700000, 0x0000000761700000, 0x00000007c0000000)
  eden space 1021440K, 100% used [0x0000000718700000,0x0000000756c80000,0x0000000756c80000)
  from space 81920K, 0% used [0x0000000756c80000,0x0000000756c80000,0x000000075bc80000)
  to   space 71168K, 0% used [0x000000075bc80000,0x000000075bc80000,0x0000000760200000)
 ParOldGen       total 344064K, used 343793K [0x00000005c9400000, 0x00000005de400000, 0x0000000718700000)
  object space 344064K, 99% used [0x00000005c9400000,0x00000005de3bc5e8,0x00000005de400000)
 Metaspace       used 9005K, capacity 9224K, committed 9344K, reserved 1056768K
  class space    used 1087K, capacity 1150K, committed 1152K, reserved 1048576K
GC Heap History (10 events):
Event: 8.385 GC heap after
Heap after GC invocations=9 (full 0):
 PSYoungGen      total 1103360K, used 81907K [0x0000000718700000, 0x0000000761700000, 0x00000007c0000000)
  eden space 1021440K, 0% used [0x0000000718700000,0x0000000718700000,0x0000000756c80000)
  from space 81920K, 99% used [0x0000000756c80000,0x000000075bc7cfc0,0x000000075bc80000)
  to   space 71168K, 0% used [0x000000075bc80000,0x000000075bc80000,0x0000000760200000)
 ParOldGen       total 344064K, used 323463K [0x00000005c9400000, 0x00000005de400000, 0x0000000718700000)
  object space 344064K, 94% used [0x00000005c9400000,0x00000005dcfe1ce0,0x00000005de400000)
 Metaspace       used 9005K, capacity 9224K, committed 9344K, reserved 1056768K
  class space    used 1087K, capacity 1150K, committed 1152K, reserved 1048576K
}
Event: 8.385 GC heap before
{Heap before GC invocations=10 (full 1):
 PSYoungGen      total 1103360K, used 81907K [0x0000000718700000, 0x0000000761700000, 0x00000007c0000000)
  eden space 1021440K, 0% used [0x0000000718700000,0x0000000718700000,0x0000000756c80000)
  from space 81920K, 99% used [0x0000000756c80000,0x000000075bc7cfc0,0x000000075bc80000)
  to   space 71168K, 0% used [0x000000075bc80000,0x000000075bc80000,0x0000000760200000)
 ParOldGen       total 344064K, used 323463K [0x00000005c9400000, 0x00000005de400000, 0x0000000718700000)
  object space 344064K, 94% used [0x00000005c9400000,0x00000005dcfe1ce0,0x00000005de400000)
 Metaspace       used 9005K, capacity 9224K, committed 9344K, reserved 1056768K
  class space    used 1087K, capacity 1150K, committed 1152K, reserved 1048576K
Event: 13.097 GC heap after
Heap after GC invocations=10 (full 1):
 PSYoungGen      total 1103360K, used 55056K [0x0000000718700000, 0x0000000761700000, 0x00000007c0000000)
  eden space 1021440K, 0% used [0x0000000718700000,0x0000000718700000,0x0000000756c80000)
  from space 81920K, 67% used [0x0000000756c80000,0x000000075a244180,0x000000075bc80000)
  to   space 71168K, 0% used [0x000000075bc80000,0x000000075bc80000,0x0000000760200000)
 ParOldGen       total 344064K, used 343728K [0x00000005c9400000, 0x00000005de400000, 0x0000000718700000)
  object space 344064K, 99% used [0x00000005c9400000,0x00000005de3ac280,0x00000005de400000)
 Metaspace       used 9005K, capacity 9224K, committed 9344K, reserved 1056768K
  class space    used 1087K, capacity 1150K, committed 1152K, reserved 1048576K
}
Event: 13.832 GC heap before
{Heap before GC invocations=11 (full 2):
 PSYoungGen      total 1103360K, used 1076496K [0x0000000718700000, 0x0000000761700000, 0x00000007c0000000)
  eden space 1021440K, 100% used [0x0000000718700000,0x0000000756c80000,0x0000000756c80000)
  from space 81920K, 67% used [0x0000000756c80000,0x000000075a244180,0x000000075bc80000)
  to   space 71168K, 0% used [0x000000075bc80000,0x000000075bc80000,0x0000000760200000)
 ParOldGen       total 344064K, used 343728K [0x00000005c9400000, 0x00000005de400000, 0x0000000718700000)
  object space 344064K, 99% used [0x00000005c9400000,0x00000005de3ac280,0x00000005de400000)
 Metaspace       used 9005K, capacity 9224K, committed 9344K, reserved 1056768K
  class space    used 1087K, capacity 1150K, committed 1152K, reserved 1048576K
Event: 18.645 GC heap after
Heap after GC invocations=11 (full 2):
 PSYoungGen      total 1103360K, used 137944K [0x0000000718700000, 0x0000000761700000, 0x00000007c0000000)
  eden space 1021440K, 13% used [0x0000000718700000,0x0000000720db61c8,0x0000000756c80000)
  from space 81920K, 0% used [0x0000000756c80000,0x0000000756c80000,0x000000075bc80000)
  to   space 71168K, 0% used [0x000000075bc80000,0x000000075bc80000,0x0000000760200000)
 ParOldGen       total 344064K, used 344024K [0x00000005c9400000, 0x00000005de400000, 0x0000000718700000)
  object space 344064K, 99% used [0x00000005c9400000,0x00000005de3f63d0,0x00000005de400000)
 Metaspace       used 9005K, capacity 9224K, committed 9344K, reserved 1056768K
  class space    used 1087K, capacity 1150K, committed 1152K, reserved 1048576K
}
Event: 19.245 GC heap before
{Heap before GC invocations=12 (full 3):
 PSYoungGen      total 1103360K, used 1021440K [0x0000000718700000, 0x0000000761700000, 0x00000007c0000000)
  eden space 1021440K, 100% used [0x0000000718700000,0x0000000756c80000,0x0000000756c80000)
  from space 81920K, 0% used [0x0000000756c80000,0x0000000756c80000,0x000000075bc80000)
  to   space 71168K, 0% used [0x000000075bc80000,0x000000075bc80000,0x0000000760200000)
 ParOldGen       total 344064K, used 344024K [0x00000005c9400000, 0x00000005de400000, 0x0000000718700000)
  object space 344064K, 99% used [0x00000005c9400000,0x00000005de3f63d0,0x00000005de400000)
 Metaspace       used 9005K, capacity 9224K, committed 9344K, reserved 1056768K
  class space    used 1087K, capacity 1150K, committed 1152K, reserved 1048576K
Event: 24.099 GC heap after
Heap after GC invocations=12 (full 3):
 PSYoungGen      total 1103360K, used 212711K [0x0000000718700000, 0x0000000761700000, 0x00000007c0000000)
  eden space 1021440K, 20% used [0x0000000718700000,0x00000007256b9d00,0x0000000756c80000)
  from space 81920K, 0% used [0x0000000756c80000,0x0000000756c80000,0x000000075bc80000)
  to   space 71168K, 0% used [0x000000075bc80000,0x000000075bc80000,0x0000000760200000)
 ParOldGen       total 344064K, used 343999K [0x00000005c9400000, 0x00000005de400000, 0x0000000718700000)
  object space 344064K, 99% used [0x00000005c9400000,0x00000005de3efd18,0x00000005de400000)
 Metaspace       used 9005K, capacity 9224K, committed 9344K, reserved 1056768K
  class space    used 1087K, capacity 1150K, committed 1152K, reserved 1048576K
}
Event: 24.685 GC heap before
{Heap before GC invocations=13 (full 4):
 PSYoungGen      total 1103360K, used 1021440K [0x0000000718700000, 0x0000000761700000, 0x00000007c0000000)
  eden space 1021440K, 100% used [0x0000000718700000,0x0000000756c80000,0x0000000756c80000)
  from space 81920K, 0% used [0x0000000756c80000,0x0000000756c80000,0x000000075bc80000)
  to   space 71168K, 0% used [0x000000075bc80000,0x000000075bc80000,0x0000000760200000)
 ParOldGen       total 344064K, used 343999K [0x00000005c9400000, 0x00000005de400000, 0x0000000718700000)
  object space 344064K, 99% used [0x00000005c9400000,0x00000005de3efd18,0x00000005de400000)
 Metaspace       used 9005K, capacity 9224K, committed 9344K, reserved 1056768K
  class space    used 1087K, capacity 1150K, committed 1152K, reserved 1048576K
Event: 29.682 GC heap after
Heap after GC invocations=13 (full 4):
 PSYoungGen      total 1103360K, used 278785K [0x0000000718700000, 0x0000000761700000, 0x00000007c0000000)
  eden space 1021440K, 27% used [0x0000000718700000,0x0000000729740498,0x0000000756c80000)
  from space 81920K, 0% used [0x0000000756c80000,0x0000000756c80000,0x000000075bc80000)
  to   space 71168K, 0% used [0x000000075bc80000,0x000000075bc80000,0x0000000760200000)
 ParOldGen       total 344064K, used 343793K [0x00000005c9400000, 0x00000005de400000, 0x0000000718700000)
  object space 344064K, 99% used [0x00000005c9400000,0x00000005de3bc5e8,0x00000005de400000)
 Metaspace       used 9005K, capacity 9224K, committed 9344K, reserved 1056768K
  class space    used 1087K, capacity 1150K, committed 1152K, reserved 1048576K
}
Event: 30.308 GC heap before
{Heap before GC invocations=14 (full 5):
 PSYoungGen      total 1103360K, used 1021440K [0x0000000718700000, 0x0000000761700000, 0x00000007c0000000)
  eden space 1021440K, 100% used [0x0000000718700000,0x0000000756c80000,0x0000000756c80000)
  from space 81920K, 0% used [0x0000000756c80000,0x0000000756c80000,0x000000075bc80000)
  to   space 71168K, 0% used [0x000000075bc80000,0x000000075bc80000,0x0000000760200000)
 ParOldGen       total 344064K, used 343793K [0x00000005c9400000, 0x00000005de400000, 0x0000000718700000)
  object space 344064K, 99% used [0x00000005c9400000,0x00000005de3bc5e8,0x00000005de400000)
 Metaspace       used 9005K, capacity 9224K, committed 9344K, reserved 1056768K
  class space    used 1087K, capacity 1150K, committed 1152K, reserved 1048576K

