# JRE version: Java(TM) SE Runtime Environment (8.0_251-b08) (build 1.8.0_251-b08)
# Java VM: Java HotSpot(TM) 64-Bit Server VM (25.251-b08 mixed mode windows-amd64 compressed oops)
Heap:
 PSYoungGen      total 2179584K, used 2001408K [0x0000000718700000, 0x00000007aac00000, 0x00000007c0000000)
  eden space 2001408K, 100% used [0x0000000718700000,0x0000000792980000,0x0000000792980000)
  from space 178176K, 0% used [0x0000000792980000,0x0000000792980000,0x000000079d780000)
  to   space 138752K, 0% used [0x000000079d780000,0x000000079d780000,0x00000007a5f00000)
 ParOldGen       total 344064K, used 343644K [0x00000005c9400000, 0x00000005de400000, 0x0000000718700000)
  object space 344064K, 99% used [0x00000005c9400000,0x00000005de397160,0x00000005de400000)
 Metaspace       used 9073K, capacity 9306K, committed 9472K, reserved 1056768K
  class space    used 1089K, capacity 1153K, committed 1280K, reserved 1048576K
GC Heap History (10 events):
Event: 6.475 GC heap before
{Heap before GC invocations=9 (full 0):
 PSYoungGen      total 2140160K, used 2140138K [0x0000000718700000, 0x00000007aac00000, 0x00000007c0000000)
  eden space 2001408K, 100% used [0x0000000718700000,0x0000000792980000,0x0000000792980000)
  from space 138752K, 99% used [0x000000079d780000,0x00000007a5efab40,0x00000007a5f00000)
  to   space 178176K, 0% used [0x0000000792980000,0x0000000792980000,0x000000079d780000)
 ParOldGen       total 344064K, used 191271K [0x00000005c9400000, 0x00000005de400000, 0x0000000718700000)
  object space 344064K, 55% used [0x00000005c9400000,0x00000005d4ec9d90,0x00000005de400000)
 Metaspace       used 9073K, capacity 9306K, committed 9472K, reserved 1056768K
  class space    used 1089K, capacity 1153K, committed 1280K, reserved 1048576K
Event: 7.924 GC heap after
Heap after GC invocations=9 (full 0):
 PSYoungGen      total 2179584K, used 178169K [0x0000000718700000, 0x00000007aac00000, 0x00000007c0000000)
  eden space 2001408K, 0% used [0x0000000718700000,0x0000000718700000,0x0000000792980000)
  from space 178176K, 99% used [0x0000000792980000,0x000000079d77e608,0x000000079d780000)
  to   space 138752K, 0% used [0x000000079d780000,0x000000079d780000,0x00000007a5f00000)
 ParOldGen       total 344064K, used 326735K [0x00000005c9400000, 0x00000005de400000, 0x0000000718700000)
  object space 344064K, 94% used [0x00000005c9400000,0x00000005dd313d90,0x00000005de400000)
 Metaspace       used 9073K, capacity 9306K, committed 9472K, reserved 1056768K
  class space    used 1089K, capacity 1153K, committed 1280K, reserved 1048576K
}
Event: 7.924 GC heap before
{Heap before GC invocations=10 (full 1):
 PSYoungGen      total 2179584K, used 178169K [0x0000000718700000, 0x00000007aac00000, 0x00000007c0000000)
  eden space 2001408K, 0% used [0x0000000718700000,0x0000000718700000,0x0000000792980000)
  from space 178176K, 99% used [0x0000000792980000,0x000000079d77e608,0x000000079d780000)
  to   space 138752K, 0% used [0x000000079d780000,0x000000079d780000,0x00000007a5f00000)
 ParOldGen       total 344064K, used 326735K [0x00000005c9400000, 0x00000005de400000, 0x0000000718700000)
  object space 344064K, 94% used [0x00000005c9400000,0x00000005dd313d90,0x00000005de400000)
 Metaspace       used 9073K, capacity 9306K, committed 9472K, reserved 1056768K
  class space    used 1089K, capacity 1153K, committed 1280K, reserved 1048576K
Event: 13.206 GC heap after
Heap after GC invocations=10 (full 1):
 PSYoungGen      total 2179584K, used 153119K [0x0000000718700000, 0x00000007aac00000, 0x00000007c0000000)
  eden space 2001408K, 0% used [0x0000000718700000,0x0000000718700000,0x0000000792980000)
  from space 178176K, 85% used [0x0000000792980000,0x000000079bf07d90,0x000000079d780000)
  to   space 138752K, 0% used [0x000000079d780000,0x000000079d780000,0x00000007a5f00000)
 ParOldGen       total 344064K, used 343165K [0x00000005c9400000, 0x00000005de400000, 0x0000000718700000)
  object space 344064K, 99% used [0x00000005c9400000,0x00000005de31f4b8,0x00000005de400000)
 Metaspace       used 9073K, capacity 9306K, committed 9472K, reserved 1056768K
  class space    used 1089K, capacity 1153K, committed 1280K, reserved 1048576K
}
Event: 14.813 GC heap before
{Heap before GC invocations=11 (full 2):
 PSYoungGen      total 2179584K, used 2154527K [0x0000000718700000, 0x00000007aac00000, 0x00000007c0000000)
  eden space 2001408K, 100% used [0x0000000718700000,0x0000000792980000,0x0000000792980000)
  from space 178176K, 85% used [0x0000000792980000,0x000000079bf07d90,0x000000079d780000)
  to   space 138752K, 0% used [0x000000079d780000,0x000000079d780000,0x00000007a5f00000)
 ParOldGen       total 344064K, used 343165K [0x00000005c9400000, 0x00000005de400000, 0x0000000718700000)
  object space 344064K, 99% used [0x00000005c9400000,0x00000005de31f4b8,0x00000005de400000)
 Metaspace       used 9073K, capacity 9306K, committed 9472K, reserved 1056768K
  class space    used 1089K, capacity 1153K, committed 1280K, reserved 1048576K
Event: 19.653 GC heap after
Heap after GC invocations=11 (full 2):
 PSYoungGen      total 2179584K, used 320224K [0x0000000718700000, 0x00000007aac00000, 0x00000007c0000000)
  eden space 2001408K, 15% used [0x0000000718700000,0x000000072bfb81c0,0x0000000792980000)
  from space 178176K, 0% used [0x0000000792980000,0x0000000792980000,0x000000079d780000)
  to   space 138752K, 0% used [0x000000079d780000,0x000000079d780000,0x00000007a5f00000)
 ParOldGen       total 344064K, used 344051K [0x00000005c9400000, 0x00000005de400000, 0x0000000718700000)
  object space 344064K, 99% used [0x00000005c9400000,0x00000005de3fcea0,0x00000005de400000)
 Metaspace       used 9073K, capacity 9306K, committed 9472K, reserved 1056768K
  class space    used 1089K, capacity 1153K, committed 1280K, reserved 1048576K
}
Event: 20.997 GC heap before
{Heap before GC invocations=12 (full 3):
 PSYoungGen      total 2179584K, used 2001408K [0x0000000718700000, 0x00000007aac00000, 0x00000007c0000000)
  eden space 2001408K, 100% used [0x0000000718700000,0x0000000792980000,0x0000000792980000)
  from space 178176K, 0% used [0x0000000792980000,0x0000000792980000,0x000000079d780000)
  to   space 138752K, 0% used [0x000000079d780000,0x000000079d780000,0x00000007a5f00000)
 ParOldGen       total 344064K, used 344051K [0x00000005c9400000, 0x00000005de400000, 0x0000000718700000)
  object space 344064K, 99% used [0x00000005c9400000,0x00000005de3fcea0,0x00000005de400000)
 Metaspace       used 9073K, capacity 9306K, committed 9472K, reserved 1056768K
  class space    used 1089K, capacity 1153K, committed 1280K, reserved 1048576K
Event: 26.024 GC heap after
Heap after GC invocations=12 (full 3):
 PSYoungGen      total 2179584K, used 471183K [0x0000000718700000, 0x00000007aac00000, 0x00000007c0000000)
  eden space 2001408K, 23% used [0x0000000718700000,0x0000000735323db0,0x0000000792980000)
  from space 178176K, 0% used [0x0000000792980000,0x0000000792980000,0x000000079d780000)
  to   space 138752K, 0% used [0x000000079d780000,0x000000079d780000,0x00000007a5f00000)
 ParOldGen       total 344064K, used 343644K [0x00000005c9400000, 0x00000005de400000, 0x0000000718700000)
  object space 344064K, 99% used [0x00000005c9400000,0x00000005de397160,0x00000005de400000)
 Metaspace       used 9073K, capacity 9306K, committed 9472K, reserved 1056768K
  class space    used 1089K, capacity 1153K, committed 1280K, reserved 1048576K
}
Event: 27.061 GC heap before
{Heap before GC invocations=13 (full 4):
 PSYoungGen      total 2179584K, used 2001408K [0x0000000718700000, 0x00000007aac00000, 0x00000007c0000000)
  eden space 2001408K, 100% used [0x0000000718700000,0x0000000792980000,0x0000000792980000)
  from space 178176K, 0% used [0x0000000792980000,0x0000000792980000,0x000000079d780000)
  to   space 138752K, 0% used [0x000000079d780000,0x000000079d780000,0x00000007a5f00000)
 ParOldGen       total 344064K, used 343644K [0x00000005c9400000, 0x00000005de400000, 0x0000000718700000)
  object space 344064K, 99% used [0x00000005c9400000,0x00000005de397160,0x00000005de400000)
 Metaspace       used 9073K, capacity 9306K, committed 9472K, reserved 1056768K
  class space    used 1089K, capacity 1153K, committed 1280K, reserved 1048576K
Event: 32.119 GC heap after
Heap after GC invocations=13 (full 4):
 PSYoungGen      total 2179584K, used 597601K [0x0000000718700000, 0x00000007aac00000, 0x00000007c0000000)
  eden space 2001408K, 29% used [0x0000000718700000,0x000000073ce98448,0x0000000792980000)
  from space 178176K, 0% used [0x0000000792980000,0x0000000792980000,0x000000079d780000)
  to   space 138752K, 0% used [0x000000079d780000,0x000000079d780000,0x00000007a5f00000)
 ParOldGen       total 344064K, used 343644K [0x00000005c9400000, 0x00000005de400000, 0x0000000718700000)
  object space 344064K, 99% used [0x00000005c9400000,0x00000005de397160,0x00000005de400000)
 Metaspace       used 9073K, capacity 9306K, committed 9472K, reserved 1056768K
  class space    used 1089K, capacity 1153K, committed 1280K, reserved 1048576K
}

