# JRE version: Java(TM) SE Runtime Environment (8.0_251-b08) (build 1.8.0_251-b08)
# Java VM: Java HotSpot(TM) 64-Bit Server VM (25.251-b08 mixed mode windows-amd64 compressed oops)
Heap:
 PSYoungGen      total 2177536K, used 1593087K [0x0000000718700000, 0x00000007aa900000, 0x00000007c0000000)
  eden space 2001920K, 79% used [0x0000000718700000,0x0000000779abfd78,0x0000000792a00000)
  from space 175616K, 0% used [0x0000000792a00000,0x0000000792a00000,0x000000079d580000)
  to   space 134656K, 0% used [0x000000079d580000,0x000000079d580000,0x00000007a5900000)
 ParOldGen       total 344064K, used 344026K [0x00000005c9400000, 0x00000005de400000, 0x0000000718700000)
  object space 344064K, 99% used [0x00000005c9400000,0x00000005de3f6828,0x00000005de400000)
 Metaspace       used 9060K, capacity 9242K, committed 9472K, reserved 1056768K
  class space    used 1089K, capacity 1153K, committed 1280K, reserved 1048576K
GC Heap History (10 events):
Event: 4.768 GC heap before
{Heap before GC invocations=7 (full 0):
 PSYoungGen      total 1096192K, used 1088211K [0x0000000718700000, 0x0000000761e00000, 0x00000007c0000000)
  eden space 1021440K, 100% used [0x0000000718700000,0x0000000756c80000,0x0000000756c80000)
  from space 74752K, 89% used [0x000000075c000000,0x0000000760134c58,0x0000000760900000)
  to   space 85504K, 0% used [0x0000000756c80000,0x0000000756c80000,0x000000075c000000)
 ParOldGen       total 344064K, used 86806K [0x00000005c9400000, 0x00000005de400000, 0x0000000718700000)
  object space 344064K, 25% used [0x00000005c9400000,0x00000005ce8c5be0,0x00000005de400000)
 Metaspace       used 9046K, capacity 9242K, committed 9472K, reserved 1056768K
  class space    used 1089K, capacity 1153K, committed 1280K, reserved 1048576K
Event: 4.842 GC heap after
Heap after GC invocations=7 (full 0):
 PSYoungGen      total 1106944K, used 85495K [0x0000000718700000, 0x00000007a5900000, 0x00000007c0000000)
  eden space 1021440K, 0% used [0x0000000718700000,0x0000000718700000,0x0000000756c80000)
  from space 85504K, 99% used [0x0000000756c80000,0x000000075bffdf10,0x000000075c000000)
  to   space 134656K, 0% used [0x000000079d580000,0x000000079d580000,0x00000007a5900000)
 ParOldGen       total 344064K, used 153753K [0x00000005c9400000, 0x00000005de400000, 0x0000000718700000)
  object space 344064K, 44% used [0x00000005c9400000,0x00000005d2a266a8,0x00000005de400000)
 Metaspace       used 9046K, capacity 9242K, committed 9472K, reserved 1056768K
  class space    used 1089K, capacity 1153K, committed 1280K, reserved 1048576K
}
Event: 5.848 GC heap before
{Heap before GC invocations=8 (full 0):
 PSYoungGen      total 1106944K, used 1106935K [0x0000000718700000, 0x00000007a5900000, 0x00000007c0000000)
  eden space 1021440K, 100% used [0x0000000718700000,0x0000000756c80000,0x0000000756c80000)
  from space 85504K, 99% used [0x0000000756c80000,0x000000075bffdf10,0x000000075c000000)
  to   space 134656K, 0% used [0x000000079d580000,0x000000079d580000,0x00000007a5900000)
 ParOldGen       total 344064K, used 153753K [0x00000005c9400000, 0x00000005de400000, 0x0000000718700000)
  object space 344064K, 44% used [0x00000005c9400000,0x00000005d2a266a8,0x00000005de400000)
 Metaspace       used 9060K, capacity 9242K, committed 9472K, reserved 1056768K
  class space    used 1089K, capacity 1153K, committed 1280K, reserved 1048576K
Event: 5.963 GC heap after
Heap after GC invocations=8 (full 0):
 PSYoungGen      total 2136576K, used 134651K [0x0000000718700000, 0x00000007aa900000, 0x00000007c0000000)
  eden space 2001920K, 0% used [0x0000000718700000,0x0000000718700000,0x0000000792a00000)
  from space 134656K, 99% used [0x000000079d580000,0x00000007a58fed50,0x00000007a5900000)
  to   space 175616K, 0% used [0x0000000792a00000,0x0000000792a00000,0x000000079d580000)
 ParOldGen       total 344064K, used 191017K [0x00000005c9400000, 0x00000005de400000, 0x0000000718700000)
  object space 344064K, 55% used [0x00000005c9400000,0x00000005d4e8a6a8,0x00000005de400000)
 Metaspace       used 9060K, capacity 9242K, committed 9472K, reserved 1056768K
  class space    used 1089K, capacity 1153K, committed 1280K, reserved 1048576K
}
Event: 7.963 GC heap before
{Heap before GC invocations=9 (full 0):
 PSYoungGen      total 2136576K, used 2136571K [0x0000000718700000, 0x00000007aa900000, 0x00000007c0000000)
  eden space 2001920K, 100% used [0x0000000718700000,0x0000000792a00000,0x0000000792a00000)
  from space 134656K, 99% used [0x000000079d580000,0x00000007a58fed50,0x00000007a5900000)
  to   space 175616K, 0% used [0x0000000792a00000,0x0000000792a00000,0x000000079d580000)
 ParOldGen       total 344064K, used 191017K [0x00000005c9400000, 0x00000005de400000, 0x0000000718700000)
  object space 344064K, 55% used [0x00000005c9400000,0x00000005d4e8a6a8,0x00000005de400000)
 Metaspace       used 9060K, capacity 9242K, committed 9472K, reserved 1056768K
  class space    used 1089K, capacity 1153K, committed 1280K, reserved 1048576K
Event: 9.533 GC heap after
Heap after GC invocations=9 (full 0):
 PSYoungGen      total 2177536K, used 175609K [0x0000000718700000, 0x00000007aa900000, 0x00000007c0000000)
  eden space 2001920K, 0% used [0x0000000718700000,0x0000000718700000,0x0000000792a00000)
  from space 175616K, 99% used [0x0000000792a00000,0x000000079d57e608,0x000000079d580000)
  to   space 134656K, 0% used [0x000000079d580000,0x000000079d580000,0x00000007a5900000)
 ParOldGen       total 344064K, used 322969K [0x00000005c9400000, 0x00000005de400000, 0x0000000718700000)
  object space 344064K, 93% used [0x00000005c9400000,0x00000005dcf666a8,0x00000005de400000)
 Metaspace       used 9060K, capacity 9242K, committed 9472K, reserved 1056768K
  class space    used 1089K, capacity 1153K, committed 1280K, reserved 1048576K
}
Event: 9.533 GC heap before
{Heap before GC invocations=10 (full 1):
 PSYoungGen      total 2177536K, used 175609K [0x0000000718700000, 0x00000007aa900000, 0x00000007c0000000)
  eden space 2001920K, 0% used [0x0000000718700000,0x0000000718700000,0x0000000792a00000)
  from space 175616K, 99% used [0x0000000792a00000,0x000000079d57e608,0x000000079d580000)
  to   space 134656K, 0% used [0x000000079d580000,0x000000079d580000,0x00000007a5900000)
 ParOldGen       total 344064K, used 322969K [0x00000005c9400000, 0x00000005de400000, 0x0000000718700000)
  object space 344064K, 93% used [0x00000005c9400000,0x00000005dcf666a8,0x00000005de400000)
 Metaspace       used 9060K, capacity 9242K, committed 9472K, reserved 1056768K
  class space    used 1089K, capacity 1153K, committed 1280K, reserved 1048576K
Event: 14.641 GC heap after
Heap after GC invocations=10 (full 1):
 PSYoungGen      total 2177536K, used 149763K [0x0000000718700000, 0x00000007aa900000, 0x00000007c0000000)
  eden space 2001920K, 0% used [0x0000000718700000,0x0000000718700000,0x0000000792a00000)
  from space 175616K, 85% used [0x0000000792a00000,0x000000079bc40ef8,0x000000079d580000)
  to   space 134656K, 0% used [0x000000079d580000,0x000000079d580000,0x00000007a5900000)
 ParOldGen       total 344064K, used 344052K [0x00000005c9400000, 0x00000005de400000, 0x0000000718700000)
  object space 344064K, 99% used [0x00000005c9400000,0x00000005de3fd128,0x00000005de400000)
 Metaspace       used 9060K, capacity 9242K, committed 9472K, reserved 1056768K
  class space    used 1089K, capacity 1153K, committed 1280K, reserved 1048576K
}
Event: 16.298 GC heap before
{Heap before GC invocations=11 (full 2):
 PSYoungGen      total 2177536K, used 2151683K [0x0000000718700000, 0x00000007aa900000, 0x00000007c0000000)
  eden space 2001920K, 100% used [0x0000000718700000,0x0000000792a00000,0x0000000792a00000)
  from space 175616K, 85% used [0x0000000792a00000,0x000000079bc40ef8,0x000000079d580000)
  to   space 134656K, 0% used [0x000000079d580000,0x000000079d580000,0x00000007a5900000)
 ParOldGen       total 344064K, used 344052K [0x00000005c9400000, 0x00000005de400000, 0x0000000718700000)
  object space 344064K, 99% used [0x00000005c9400000,0x00000005de3fd128,0x00000005de400000)
 Metaspace       used 9060K, capacity 9242K, committed 9472K, reserved 1056768K
  class space    used 1089K, capacity 1153K, committed 1280K, reserved 1048576K
Event: 21.314 GC heap after
Heap after GC invocations=11 (full 2):
 PSYoungGen      total 2177536K, used 316728K [0x0000000718700000, 0x00000007aa900000, 0x00000007c0000000)
  eden space 2001920K, 15% used [0x0000000718700000,0x000000072bc4e318,0x0000000792a00000)
  from space 175616K, 0% used [0x0000000792a00000,0x0000000792a00000,0x000000079d580000)
  to   space 134656K, 0% used [0x000000079d580000,0x000000079d580000,0x00000007a5900000)
 ParOldGen       total 344064K, used 344026K [0x00000005c9400000, 0x00000005de400000, 0x0000000718700000)
  object space 344064K, 99% used [0x00000005c9400000,0x00000005de3f6828,0x00000005de400000)
 Metaspace       used 9060K, capacity 9242K, committed 9472K, reserved 1056768K
  class space    used 1089K, capacity 1153K, committed 1280K, reserved 1048576K
}

